build/app/intermediates/manifest_merge_blame_file/debug/processDebugMainManifest/manifest-merger-blame-debug-report.txt
1<?xml version="1.0" encoding="utf-8"?>
2<manifest xmlns:android="http://schemas.android.com/apk/res/android"
3    package="com.example.stroke_care_mobile"
4    android:versionCode="1"
5    android:versionName="0.1.0" >
6
7    <uses-sdk
8        android:minSdkVersion="21"
9        android:targetSdkVersion="35" />
10    <!--
11         The INTERNET permission is required for development. Specifically,
12         the Flutter tool needs it to communicate with the running application
13         to allow setting breakpoints, to provide hot reload, etc.
14    -->
15    <uses-permission android:name="android.permission.INTERNET" />
15-->src\debug\AndroidManifest.xml:6:5-66
15-->src\debug\AndroidManifest.xml:6:22-64
16    <!--
17     Required to query activities that can process text, see:
18         https://developer.android.com/training/package-visibility and
19         https://developer.android.com/reference/android/content/Intent#ACTION_PROCESS_TEXT.
20
21         In particular, this is used by the Flutter engine in io.flutter.plugin.text.ProcessTextPlugin.
22    -->
23    <queries>
23-->src\main\AndroidManifest.xml:39:5-44:15
24        <intent>
24-->src\main\AndroidManifest.xml:40:9-43:18
25            <action android:name="android.intent.action.PROCESS_TEXT" />
25-->src\main\AndroidManifest.xml:41:13-72
25-->src\main\AndroidManifest.xml:41:21-70
26
27            <data android:mimeType="text/plain" />
27-->src\main\AndroidManifest.xml:42:13-50
27-->src\main\AndroidManifest.xml:42:19-48
28        </intent>
29    </queries>
30
31    <uses-permission android:name="android.permission.WAKE_LOCK" />
31-->[:firebase_messaging] AndroidManifest.xml:8:5-68
31-->[:firebase_messaging] AndroidManifest.xml:8:22-65
32    <uses-permission android:name="android.permission.ACCESS_NETWORK_STATE" /> <!-- Permissions options for the `notification` group -->
32-->[:firebase_messaging] AndroidManifest.xml:9:5-79
32-->[:firebase_messaging] AndroidManifest.xml:9:22-76
33    <uses-permission android:name="android.permission.POST_NOTIFICATIONS" /> <!-- Required by older versions of Google Play services to create IID tokens -->
33-->[:firebase_messaging] AndroidManifest.xml:11:5-77
33-->[:firebase_messaging] AndroidManifest.xml:11:22-74
34    <uses-permission android:name="com.google.android.c2dm.permission.RECEIVE" />
34-->[com.google.firebase:firebase-messaging:23.4.1] AndroidManifest.xml:26:5-82
34-->[com.google.firebase:firebase-messaging:23.4.1] AndroidManifest.xml:26:22-79
35
36    <permission
36-->[androidx.core:core:1.13.1] AndroidManifest.xml:22:5-24:47
37        android:name="com.example.stroke_care_mobile.DYNAMIC_RECEIVER_NOT_EXPORTED_PERMISSION"
37-->[androidx.core:core:1.13.1] AndroidManifest.xml:23:9-81
38        android:protectionLevel="signature" />
38-->[androidx.core:core:1.13.1] AndroidManifest.xml:24:9-44
39
40    <uses-permission android:name="com.example.stroke_care_mobile.DYNAMIC_RECEIVER_NOT_EXPORTED_PERMISSION" />
40-->[androidx.core:core:1.13.1] AndroidManifest.xml:26:5-97
40-->[androidx.core:core:1.13.1] AndroidManifest.xml:26:22-94
41
42    <application
43        android:name="android.app.Application"
44        android:appComponentFactory="androidx.core.app.CoreComponentFactory"
44-->[androidx.core:core:1.13.1] AndroidManifest.xml:28:18-86
45        android:debuggable="true"
46        android:extractNativeLibs="true"
47        android:icon="@mipmap/ic_launcher"
48        android:label="stroke_care_mobile" >
49        <activity
50            android:name="com.example.stroke_care_mobile.MainActivity"
51            android:configChanges="orientation|keyboardHidden|keyboard|screenSize|smallestScreenSize|locale|layoutDirection|fontScale|screenLayout|density|uiMode"
52            android:exported="true"
53            android:hardwareAccelerated="true"
54            android:launchMode="singleTop"
55            android:taskAffinity=""
56            android:theme="@style/LaunchTheme"
57            android:windowSoftInputMode="adjustResize" >
58
59            <!--
60                 Specifies an Android theme to apply to this Activity as soon as
61                 the Android process has started. This theme is visible to the user
62                 while the Flutter UI initializes. After that, this theme continues
63                 to determine the Window background behind the Flutter UI.
64            -->
65            <meta-data
66                android:name="io.flutter.embedding.android.NormalTheme"
67                android:resource="@style/NormalTheme" />
68
69            <intent-filter>
70                <action android:name="android.intent.action.MAIN" />
71
72                <category android:name="android.intent.category.LAUNCHER" />
73            </intent-filter>
74        </activity>
75        <!--
76             Don't delete the meta-data below.
77             This is used by the Flutter tool to generate GeneratedPluginRegistrant.java
78        -->
79        <meta-data
80            android:name="flutterEmbedding"
81            android:value="2" />
82
83        <service
83-->[:firebase_messaging] AndroidManifest.xml:14:9-17:72
84            android:name="io.flutter.plugins.firebase.messaging.FlutterFirebaseMessagingBackgroundService"
84-->[:firebase_messaging] AndroidManifest.xml:15:13-107
85            android:exported="false"
85-->[:firebase_messaging] AndroidManifest.xml:16:13-37
86            android:permission="android.permission.BIND_JOB_SERVICE" />
86-->[:firebase_messaging] AndroidManifest.xml:17:13-69
87        <service
87-->[:firebase_messaging] AndroidManifest.xml:18:9-24:19
88            android:name="io.flutter.plugins.firebase.messaging.FlutterFirebaseMessagingService"
88-->[:firebase_messaging] AndroidManifest.xml:19:13-97
89            android:exported="false" >
89-->[:firebase_messaging] AndroidManifest.xml:20:13-37
90            <intent-filter>
90-->[:firebase_messaging] AndroidManifest.xml:21:13-23:29
91                <action android:name="com.google.firebase.MESSAGING_EVENT" />
91-->[:firebase_messaging] AndroidManifest.xml:22:17-78
91-->[:firebase_messaging] AndroidManifest.xml:22:25-75
92            </intent-filter>
93        </service>
94
95        <receiver
95-->[:firebase_messaging] AndroidManifest.xml:26:9-33:20
96            android:name="io.flutter.plugins.firebase.messaging.FlutterFirebaseMessagingReceiver"
96-->[:firebase_messaging] AndroidManifest.xml:27:13-98
97            android:exported="true"
97-->[:firebase_messaging] AndroidManifest.xml:28:13-36
98            android:permission="com.google.android.c2dm.permission.SEND" >
98-->[:firebase_messaging] AndroidManifest.xml:29:13-73
99            <intent-filter>
99-->[:firebase_messaging] AndroidManifest.xml:30:13-32:29
100                <action android:name="com.google.android.c2dm.intent.RECEIVE" />
100-->[:firebase_messaging] AndroidManifest.xml:31:17-81
100-->[:firebase_messaging] AndroidManifest.xml:31:25-78
101            </intent-filter>
102        </receiver>
103
104        <service
104-->[:firebase_messaging] AndroidManifest.xml:35:9-39:19
105            android:name="com.google.firebase.components.ComponentDiscoveryService"
105-->[:firebase_messaging] AndroidManifest.xml:35:18-89
106            android:directBootAware="true"
106-->[com.google.firebase:firebase-common:20.4.3] AndroidManifest.xml:32:13-43
107            android:exported="false" >
107-->[com.google.firebase:firebase-messaging:23.4.1] AndroidManifest.xml:56:13-37
108            <meta-data
108-->[:firebase_messaging] AndroidManifest.xml:36:13-38:85
109                android:name="com.google.firebase.components:io.flutter.plugins.firebase.messaging.FlutterFirebaseAppRegistrar"
109-->[:firebase_messaging] AndroidManifest.xml:37:17-128
110                android:value="com.google.firebase.components.ComponentRegistrar" />
110-->[:firebase_messaging] AndroidManifest.xml:38:17-82
111            <meta-data
111-->[:firebase_core] AndroidManifest.xml:9:13-11:85
112                android:name="com.google.firebase.components:io.flutter.plugins.firebase.core.FlutterFirebaseCoreRegistrar"
112-->[:firebase_core] AndroidManifest.xml:10:17-124
113                android:value="com.google.firebase.components.ComponentRegistrar" />
113-->[:firebase_core] AndroidManifest.xml:11:17-82
114            <meta-data
114-->[com.google.firebase:firebase-messaging:23.4.1] AndroidManifest.xml:57:13-59:85
115                android:name="com.google.firebase.components:com.google.firebase.messaging.FirebaseMessagingKtxRegistrar"
115-->[com.google.firebase:firebase-messaging:23.4.1] AndroidManifest.xml:58:17-122
116                android:value="com.google.firebase.components.ComponentRegistrar" />
116-->[com.google.firebase:firebase-messaging:23.4.1] AndroidManifest.xml:59:17-82
117            <meta-data
117-->[com.google.firebase:firebase-messaging:23.4.1] AndroidManifest.xml:60:13-62:85
118                android:name="com.google.firebase.components:com.google.firebase.messaging.FirebaseMessagingRegistrar"
118-->[com.google.firebase:firebase-messaging:23.4.1] AndroidManifest.xml:61:17-119
119                android:value="com.google.firebase.components.ComponentRegistrar" />
119-->[com.google.firebase:firebase-messaging:23.4.1] AndroidManifest.xml:62:17-82
120            <meta-data
120-->[com.google.firebase:firebase-iid:21.1.0] AndroidManifest.xml:32:13-34:85
121                android:name="com.google.firebase.components:com.google.firebase.iid.Registrar"
121-->[com.google.firebase:firebase-iid:21.1.0] AndroidManifest.xml:33:17-96
122                android:value="com.google.firebase.components.ComponentRegistrar" />
122-->[com.google.firebase:firebase-iid:21.1.0] AndroidManifest.xml:34:17-82
123            <meta-data
123-->[com.google.firebase:firebase-installations:17.2.0] AndroidManifest.xml:15:13-17:85
124                android:name="com.google.firebase.components:com.google.firebase.installations.FirebaseInstallationsKtxRegistrar"
124-->[com.google.firebase:firebase-installations:17.2.0] AndroidManifest.xml:16:17-130
125                android:value="com.google.firebase.components.ComponentRegistrar" />
125-->[com.google.firebase:firebase-installations:17.2.0] AndroidManifest.xml:17:17-82
126            <meta-data
126-->[com.google.firebase:firebase-installations:17.2.0] AndroidManifest.xml:18:13-20:85
127                android:name="com.google.firebase.components:com.google.firebase.installations.FirebaseInstallationsRegistrar"
127-->[com.google.firebase:firebase-installations:17.2.0] AndroidManifest.xml:19:17-127
128                android:value="com.google.firebase.components.ComponentRegistrar" />
128-->[com.google.firebase:firebase-installations:17.2.0] AndroidManifest.xml:20:17-82
129            <meta-data
129-->[com.google.firebase:firebase-common-ktx:20.4.3] AndroidManifest.xml:12:13-14:85
130                android:name="com.google.firebase.components:com.google.firebase.ktx.FirebaseCommonLegacyRegistrar"
130-->[com.google.firebase:firebase-common-ktx:20.4.3] AndroidManifest.xml:13:17-116
131                android:value="com.google.firebase.components.ComponentRegistrar" />
131-->[com.google.firebase:firebase-common-ktx:20.4.3] AndroidManifest.xml:14:17-82
132            <meta-data
132-->[com.google.firebase:firebase-common:20.4.3] AndroidManifest.xml:35:13-37:85
133                android:name="com.google.firebase.components:com.google.firebase.FirebaseCommonKtxRegistrar"
133-->[com.google.firebase:firebase-common:20.4.3] AndroidManifest.xml:36:17-109
134                android:value="com.google.firebase.components.ComponentRegistrar" />
134-->[com.google.firebase:firebase-common:20.4.3] AndroidManifest.xml:37:17-82
135            <meta-data
135-->[com.google.firebase:firebase-datatransport:18.1.7] AndroidManifest.xml:27:13-29:85
136                android:name="com.google.firebase.components:com.google.firebase.datatransport.TransportRegistrar"
136-->[com.google.firebase:firebase-datatransport:18.1.7] AndroidManifest.xml:28:17-115
137                android:value="com.google.firebase.components.ComponentRegistrar" />
137-->[com.google.firebase:firebase-datatransport:18.1.7] AndroidManifest.xml:29:17-82
138        </service>
139
140        <provider
140-->[:firebase_messaging] AndroidManifest.xml:41:9-45:38
141            android:name="io.flutter.plugins.firebase.messaging.FlutterFirebaseMessagingInitProvider"
141-->[:firebase_messaging] AndroidManifest.xml:42:13-102
142            android:authorities="com.example.stroke_care_mobile.flutterfirebasemessaginginitprovider"
142-->[:firebase_messaging] AndroidManifest.xml:43:13-88
143            android:exported="false"
143-->[:firebase_messaging] AndroidManifest.xml:44:13-37
144            android:initOrder="99" />
144-->[:firebase_messaging] AndroidManifest.xml:45:13-35
145
146        <receiver
146-->[com.google.firebase:firebase-messaging:23.4.1] AndroidManifest.xml:29:9-40:20
147            android:name="com.google.firebase.iid.FirebaseInstanceIdReceiver"
147-->[com.google.firebase:firebase-messaging:23.4.1] AndroidManifest.xml:30:13-78
148            android:exported="true"
148-->[com.google.firebase:firebase-messaging:23.4.1] AndroidManifest.xml:31:13-36
149            android:permission="com.google.android.c2dm.permission.SEND" >
149-->[com.google.firebase:firebase-messaging:23.4.1] AndroidManifest.xml:32:13-73
150            <intent-filter>
150-->[:firebase_messaging] AndroidManifest.xml:30:13-32:29
151                <action android:name="com.google.android.c2dm.intent.RECEIVE" />
151-->[:firebase_messaging] AndroidManifest.xml:31:17-81
151-->[:firebase_messaging] AndroidManifest.xml:31:25-78
152            </intent-filter>
153
154            <meta-data
154-->[com.google.firebase:firebase-messaging:23.4.1] AndroidManifest.xml:37:13-39:40
155                android:name="com.google.android.gms.cloudmessaging.FINISHED_AFTER_HANDLED"
155-->[com.google.firebase:firebase-messaging:23.4.1] AndroidManifest.xml:38:17-92
156                android:value="true" />
156-->[com.google.firebase:firebase-messaging:23.4.1] AndroidManifest.xml:39:17-37
157        </receiver>
158        <!--
159             FirebaseMessagingService performs security checks at runtime,
160             but set to not exported to explicitly avoid allowing another app to call it.
161        -->
162        <service
162-->[com.google.firebase:firebase-messaging:23.4.1] AndroidManifest.xml:46:9-53:19
163            android:name="com.google.firebase.messaging.FirebaseMessagingService"
163-->[com.google.firebase:firebase-messaging:23.4.1] AndroidManifest.xml:47:13-82
164            android:directBootAware="true"
164-->[com.google.firebase:firebase-messaging:23.4.1] AndroidManifest.xml:48:13-43
165            android:exported="false" >
165-->[com.google.firebase:firebase-messaging:23.4.1] AndroidManifest.xml:49:13-37
166            <intent-filter android:priority="-500" >
166-->[:firebase_messaging] AndroidManifest.xml:21:13-23:29
167                <action android:name="com.google.firebase.MESSAGING_EVENT" />
167-->[:firebase_messaging] AndroidManifest.xml:22:17-78
167-->[:firebase_messaging] AndroidManifest.xml:22:25-75
168            </intent-filter>
169        </service>
170
171        <activity
171-->[com.google.android.gms:play-services-base:18.0.1] AndroidManifest.xml:20:9-22:45
172            android:name="com.google.android.gms.common.api.GoogleApiActivity"
172-->[com.google.android.gms:play-services-base:18.0.1] AndroidManifest.xml:20:19-85
173            android:exported="false"
173-->[com.google.android.gms:play-services-base:18.0.1] AndroidManifest.xml:22:19-43
174            android:theme="@android:style/Theme.Translucent.NoTitleBar" />
174-->[com.google.android.gms:play-services-base:18.0.1] AndroidManifest.xml:21:19-78
175
176        <provider
176-->[com.google.firebase:firebase-common:20.4.3] AndroidManifest.xml:23:9-28:39
177            android:name="com.google.firebase.provider.FirebaseInitProvider"
177-->[com.google.firebase:firebase-common:20.4.3] AndroidManifest.xml:24:13-77
178            android:authorities="com.example.stroke_care_mobile.firebaseinitprovider"
178-->[com.google.firebase:firebase-common:20.4.3] AndroidManifest.xml:25:13-72
179            android:directBootAware="true"
179-->[com.google.firebase:firebase-common:20.4.3] AndroidManifest.xml:26:13-43
180            android:exported="false"
180-->[com.google.firebase:firebase-common:20.4.3] AndroidManifest.xml:27:13-37
181            android:initOrder="100" />
181-->[com.google.firebase:firebase-common:20.4.3] AndroidManifest.xml:28:13-36
182
183        <uses-library
183-->[androidx.window:window:1.2.0] AndroidManifest.xml:23:9-25:40
184            android:name="androidx.window.extensions"
184-->[androidx.window:window:1.2.0] AndroidManifest.xml:24:13-54
185            android:required="false" />
185-->[androidx.window:window:1.2.0] AndroidManifest.xml:25:13-37
186        <uses-library
186-->[androidx.window:window:1.2.0] AndroidManifest.xml:26:9-28:40
187            android:name="androidx.window.sidecar"
187-->[androidx.window:window:1.2.0] AndroidManifest.xml:27:13-51
188            android:required="false" />
188-->[androidx.window:window:1.2.0] AndroidManifest.xml:28:13-37
189
190        <meta-data
190-->[com.google.android.gms:play-services-basement:18.3.0] AndroidManifest.xml:21:9-23:69
191            android:name="com.google.android.gms.version"
191-->[com.google.android.gms:play-services-basement:18.3.0] AndroidManifest.xml:22:13-58
192            android:value="@integer/google_play_services_version" />
192-->[com.google.android.gms:play-services-basement:18.3.0] AndroidManifest.xml:23:13-66
193
194        <provider
194-->[androidx.lifecycle:lifecycle-process:2.7.0] AndroidManifest.xml:24:9-32:20
195            android:name="androidx.startup.InitializationProvider"
195-->[androidx.lifecycle:lifecycle-process:2.7.0] AndroidManifest.xml:25:13-67
196            android:authorities="com.example.stroke_care_mobile.androidx-startup"
196-->[androidx.lifecycle:lifecycle-process:2.7.0] AndroidManifest.xml:26:13-68
197            android:exported="false" >
197-->[androidx.lifecycle:lifecycle-process:2.7.0] AndroidManifest.xml:27:13-37
198            <meta-data
198-->[androidx.lifecycle:lifecycle-process:2.7.0] AndroidManifest.xml:29:13-31:52
199                android:name="androidx.lifecycle.ProcessLifecycleInitializer"
199-->[androidx.lifecycle:lifecycle-process:2.7.0] AndroidManifest.xml:30:17-78
200                android:value="androidx.startup" />
200-->[androidx.lifecycle:lifecycle-process:2.7.0] AndroidManifest.xml:31:17-49
201            <meta-data
201-->[androidx.profileinstaller:profileinstaller:1.3.1] AndroidManifest.xml:29:13-31:52
202                android:name="androidx.profileinstaller.ProfileInstallerInitializer"
202-->[androidx.profileinstaller:profileinstaller:1.3.1] AndroidManifest.xml:30:17-85
203                android:value="androidx.startup" />
203-->[androidx.profileinstaller:profileinstaller:1.3.1] AndroidManifest.xml:31:17-49
204        </provider>
205
206        <receiver
206-->[androidx.profileinstaller:profileinstaller:1.3.1] AndroidManifest.xml:34:9-52:20
207            android:name="androidx.profileinstaller.ProfileInstallReceiver"
207-->[androidx.profileinstaller:profileinstaller:1.3.1] AndroidManifest.xml:35:13-76
208            android:directBootAware="false"
208-->[androidx.profileinstaller:profileinstaller:1.3.1] AndroidManifest.xml:36:13-44
209            android:enabled="true"
209-->[androidx.profileinstaller:profileinstaller:1.3.1] AndroidManifest.xml:37:13-35
210            android:exported="true"
210-->[androidx.profileinstaller:profileinstaller:1.3.1] AndroidManifest.xml:38:13-36
211            android:permission="android.permission.DUMP" >
211-->[androidx.profileinstaller:profileinstaller:1.3.1] AndroidManifest.xml:39:13-57
212            <intent-filter>
212-->[androidx.profileinstaller:profileinstaller:1.3.1] AndroidManifest.xml:40:13-42:29
213                <action android:name="androidx.profileinstaller.action.INSTALL_PROFILE" />
213-->[androidx.profileinstaller:profileinstaller:1.3.1] AndroidManifest.xml:41:17-91
213-->[androidx.profileinstaller:profileinstaller:1.3.1] AndroidManifest.xml:41:25-88
214            </intent-filter>
215            <intent-filter>
215-->[androidx.profileinstaller:profileinstaller:1.3.1] AndroidManifest.xml:43:13-45:29
216                <action android:name="androidx.profileinstaller.action.SKIP_FILE" />
216-->[androidx.profileinstaller:profileinstaller:1.3.1] AndroidManifest.xml:44:17-85
216-->[androidx.profileinstaller:profileinstaller:1.3.1] AndroidManifest.xml:44:25-82
217            </intent-filter>
218            <intent-filter>
218-->[androidx.profileinstaller:profileinstaller:1.3.1] AndroidManifest.xml:46:13-48:29
219                <action android:name="androidx.profileinstaller.action.SAVE_PROFILE" />
219-->[androidx.profileinstaller:profileinstaller:1.3.1] AndroidManifest.xml:47:17-88
219-->[androidx.profileinstaller:profileinstaller:1.3.1] AndroidManifest.xml:47:25-85
220            </intent-filter>
221            <intent-filter>
221-->[androidx.profileinstaller:profileinstaller:1.3.1] AndroidManifest.xml:49:13-51:29
222                <action android:name="androidx.profileinstaller.action.BENCHMARK_OPERATION" />
222-->[androidx.profileinstaller:profileinstaller:1.3.1] AndroidManifest.xml:50:17-95
222-->[androidx.profileinstaller:profileinstaller:1.3.1] AndroidManifest.xml:50:25-92
223            </intent-filter>
224        </receiver>
225
226        <service
226-->[com.google.android.datatransport:transport-backend-cct:3.1.8] AndroidManifest.xml:28:9-34:19
227            android:name="com.google.android.datatransport.runtime.backends.TransportBackendDiscovery"
227-->[com.google.android.datatransport:transport-backend-cct:3.1.8] AndroidManifest.xml:29:13-103
228            android:exported="false" >
228-->[com.google.android.datatransport:transport-backend-cct:3.1.8] AndroidManifest.xml:30:13-37
229            <meta-data
229-->[com.google.android.datatransport:transport-backend-cct:3.1.8] AndroidManifest.xml:31:13-33:39
230                android:name="backend:com.google.android.datatransport.cct.CctBackendFactory"
230-->[com.google.android.datatransport:transport-backend-cct:3.1.8] AndroidManifest.xml:32:17-94
231                android:value="cct" />
231-->[com.google.android.datatransport:transport-backend-cct:3.1.8] AndroidManifest.xml:33:17-36
232        </service>
233        <service
233-->[com.google.android.datatransport:transport-runtime:3.1.8] AndroidManifest.xml:26:9-30:19
234            android:name="com.google.android.datatransport.runtime.scheduling.jobscheduling.JobInfoSchedulerService"
234-->[com.google.android.datatransport:transport-runtime:3.1.8] AndroidManifest.xml:27:13-117
235            android:exported="false"
235-->[com.google.android.datatransport:transport-runtime:3.1.8] AndroidManifest.xml:28:13-37
236            android:permission="android.permission.BIND_JOB_SERVICE" >
236-->[com.google.android.datatransport:transport-runtime:3.1.8] AndroidManifest.xml:29:13-69
237        </service>
238
239        <receiver
239-->[com.google.android.datatransport:transport-runtime:3.1.8] AndroidManifest.xml:32:9-34:40
240            android:name="com.google.android.datatransport.runtime.scheduling.jobscheduling.AlarmManagerSchedulerBroadcastReceiver"
240-->[com.google.android.datatransport:transport-runtime:3.1.8] AndroidManifest.xml:33:13-132
241            android:exported="false" />
241-->[com.google.android.datatransport:transport-runtime:3.1.8] AndroidManifest.xml:34:13-37
242    </application>
243
244</manifest>